[debug] [2022-10-07T10:38:29.054Z] ----------------------------------------------------------------------
[debug] [2022-10-07T10:38:29.059Z] Command:       C:\PROGRAM FILES\NODEJS\node.exe C:\Users\mpvk1\AppData\Roaming\npm\node_modules\firebase-tools\lib\bin\firebase.js init --project mpvijayakumar-25f34
[debug] [2022-10-07T10:38:29.060Z] CLI Version:   11.14.1
[debug] [2022-10-07T10:38:29.060Z] Platform:      win32
[debug] [2022-10-07T10:38:29.060Z] Node Version:  v16.13.1
[debug] [2022-10-07T10:38:29.063Z] Time:          Fri Oct 07 2022 16:08:29 GMT+0530 (India Standard Time)
[debug] [2022-10-07T10:38:29.064Z] ----------------------------------------------------------------------
[debug] 
[debug] [2022-10-07T10:38:29.087Z] > command requires scopes: ["email","openid","https://www.googleapis.com/auth/cloudplatformprojects.readonly","https://www.googleapis.com/auth/firebase","https://www.googleapis.com/auth/cloud-platform"]
[debug] [2022-10-07T10:38:29.090Z] > authorizing via signed-in user (mpvijayakumar@gmail.com)
[info] 
     ######## #### ########  ######## ########     ###     ######  ########
     ##        ##  ##     ## ##       ##     ##  ##   ##  ##       ##
     ######    ##  ########  ######   ########  #########  ######  ######
     ##        ##  ##    ##  ##       ##     ## ##     ##       ## ##
     ##       #### ##     ## ######## ########  ##     ##  ######  ########

You're about to initialize a Firebase project in this directory:

  D:\Project\ReactNative\mpvijayakumar

[info] 
=== Project Setup
[info] 
[info] First, let's associate this project directory with a Firebase project.
[info] You can create multiple project aliases by running firebase use --add, 
[info] but for now we'll just set up a default project.
[info] 
[debug] [2022-10-07T10:38:35.400Z] Using project from CLI flag: mpvijayakumar-25f34
[debug] [2022-10-07T10:38:35.405Z] > refreshing access token with scopes: []
[debug] [2022-10-07T10:38:35.410Z] >>> [apiv2][query] POST https://www.googleapis.com/oauth2/v3/token [none]
[debug] [2022-10-07T10:38:35.410Z] >>> [apiv2][body] POST https://www.googleapis.com/oauth2/v3/token [omitted]
[debug] [2022-10-07T10:38:35.635Z] <<< [apiv2][status] POST https://www.googleapis.com/oauth2/v3/token 400
[debug] [2022-10-07T10:38:35.636Z] <<< [apiv2][body] POST https://www.googleapis.com/oauth2/v3/token [omitted]
[debug] [2022-10-07T10:38:35.637Z] >>> [apiv2][query] GET https://firebase.googleapis.com/v1beta1/projects/mpvijayakumar-25f34 [none]
[debug] [2022-10-07T10:38:35.865Z] <<< [apiv2][status] GET https://firebase.googleapis.com/v1beta1/projects/mpvijayakumar-25f34 401
[debug] [2022-10-07T10:38:35.866Z] <<< [apiv2][body] GET https://firebase.googleapis.com/v1beta1/projects/mpvijayakumar-25f34 {"error":{"code":401,"message":"Request had invalid authentication credentials. Expected OAuth 2 access token, login cookie or other valid authentication credential. See https://developers.google.com/identity/sign-in/web/devconsole-project.","status":"UNAUTHENTICATED"}}
[debug] [2022-10-07T10:38:35.868Z] HTTP Error: 401, Request had invalid authentication credentials. Expected OAuth 2 access token, login cookie or other valid authentication credential. See https://developers.google.com/identity/sign-in/web/devconsole-project.
[debug] [2022-10-07T10:38:36.330Z] FirebaseError: HTTP Error: 401, Request had invalid authentication credentials. Expected OAuth 2 access token, login cookie or other valid authentication credential. See https://developers.google.com/identity/sign-in/web/devconsole-project.
    at responseToError (C:\Users\mpvk1\AppData\Roaming\npm\node_modules\firebase-tools\lib\responseToError.js:49:12)
    at RetryOperation._fn (C:\Users\mpvk1\AppData\Roaming\npm\node_modules\firebase-tools\lib\apiv2.js:288:77)
    at processTicksAndRejections (node:internal/process/task_queues:96:5)
[error] 
[error] Error: Failed to get Firebase project mpvijayakumar-25f34. Please make sure the project exists and your account has permission to access it.
[debug] [2022-10-07T10:44:31.561Z] ----------------------------------------------------------------------
[debug] [2022-10-07T10:44:31.565Z] Command:       C:\PROGRAM FILES\NODEJS\node.exe C:\Users\mpvk1\AppData\Roaming\npm\node_modules\firebase-tools\lib\bin\firebase.js init
[debug] [2022-10-07T10:44:31.567Z] CLI Version:   11.14.1
[debug] [2022-10-07T10:44:31.567Z] Platform:      win32
[debug] [2022-10-07T10:44:31.567Z] Node Version:  v16.13.1
[debug] [2022-10-07T10:44:31.571Z] Time:          Fri Oct 07 2022 16:14:31 GMT+0530 (India Standard Time)
[debug] [2022-10-07T10:44:31.572Z] ----------------------------------------------------------------------
[debug] 
[debug] [2022-10-07T10:44:31.591Z] > command requires scopes: ["email","openid","https://www.googleapis.com/auth/cloudplatformprojects.readonly","https://www.googleapis.com/auth/firebase","https://www.googleapis.com/auth/cloud-platform"]
[debug] [2022-10-07T10:44:31.592Z] > authorizing via signed-in user (mpvijayakumar@gmail.com)
[info] 
     ######## #### ########  ######## ########     ###     ######  ########
     ##        ##  ##     ## ##       ##     ##  ##   ##  ##       ##
     ######    ##  ########  ######   ########  #########  ######  ######
     ##        ##  ##    ##  ##       ##     ## ##     ##       ## ##
     ##       #### ##     ## ######## ########  ##     ##  ######  ########

You're about to initialize a Firebase project in this directory:

  D:\Project\ReactNative\mpvijayakumar

[info] 
=== Project Setup
[info] 
[info] First, let's associate this project directory with a Firebase project.
[info] You can create multiple project aliases by running firebase use --add, 
[info] but for now we'll just set up a default project.
[info] 
[debug] [2022-10-07T10:44:44.328Z] > refreshing access token with scopes: []
[debug] [2022-10-07T10:44:44.332Z] >>> [apiv2][query] POST https://www.googleapis.com/oauth2/v3/token [none]
[debug] [2022-10-07T10:44:44.333Z] >>> [apiv2][body] POST https://www.googleapis.com/oauth2/v3/token [omitted]
[debug] [2022-10-07T10:44:44.538Z] <<< [apiv2][status] POST https://www.googleapis.com/oauth2/v3/token 400
[debug] [2022-10-07T10:44:44.538Z] <<< [apiv2][body] POST https://www.googleapis.com/oauth2/v3/token [omitted]
[debug] [2022-10-07T10:44:44.540Z] >>> [apiv2][query] GET https://firebase.googleapis.com/v1beta1/projects pageSize=100
[debug] [2022-10-07T10:44:44.773Z] <<< [apiv2][status] GET https://firebase.googleapis.com/v1beta1/projects 401
[debug] [2022-10-07T10:44:44.774Z] <<< [apiv2][body] GET https://firebase.googleapis.com/v1beta1/projects [omitted]
[debug] [2022-10-07T10:44:44.776Z] HTTP Error: 401, Request had invalid authentication credentials. Expected OAuth 2 access token, login cookie or other valid authentication credential. See https://developers.google.com/identity/sign-in/web/devconsole-project.
[debug] [2022-10-07T10:44:44.971Z] FirebaseError: HTTP Error: 401, Request had invalid authentication credentials. Expected OAuth 2 access token, login cookie or other valid authentication credential. See https://developers.google.com/identity/sign-in/web/devconsole-project.
    at responseToError (C:\Users\mpvk1\AppData\Roaming\npm\node_modules\firebase-tools\lib\responseToError.js:49:12)
    at RetryOperation._fn (C:\Users\mpvk1\AppData\Roaming\npm\node_modules\firebase-tools\lib\apiv2.js:288:77)
    at processTicksAndRejections (node:internal/process/task_queues:96:5)
[error] 
[error] Error: Failed to list Firebase projects. See firebase-debug.log for more info.
